Using pre-set license
Built from '2021.3/staging' branch; Version is '2021.3.19f1 (c9714fde33b6) revision 13201743'; Using compiler version '192829333'; Build Type 'Release'
OS: 'Windows 11  (10.0.22621) 64bit CoreSingleLanguage' Language: 'en' Physical Memory: 16149 MB
BatchMode: 1, IsHumanControllingUs: 0, StartBugReporterOnCrash: 0, Is64bit: 1, IsPro: 1

COMMAND LINE ARGUMENTS:
C:\Program Files\Unity\Hub\Editor\2021.3.19f1\Editor\Unity.exe
-adb2
-batchMode
-noUpm
-name
AssetImportWorker0
-projectPath
D:/AR/Third_person_controller_fbx
-logFile
Logs/AssetImportWorker0.log
-srvPort
60533
Successfully changed project path to: D:/AR/Third_person_controller_fbx
D:/AR/Third_person_controller_fbx
[UnityMemory] Configuration Parameters - Can be set up in boot.config
    "memorysetup-bucket-allocator-granularity=16"
    "memorysetup-bucket-allocator-bucket-count=8"
    "memorysetup-bucket-allocator-block-size=33554432"
    "memorysetup-bucket-allocator-block-count=8"
    "memorysetup-main-allocator-block-size=16777216"
    "memorysetup-thread-allocator-block-size=16777216"
    "memorysetup-gfx-main-allocator-block-size=16777216"
    "memorysetup-gfx-thread-allocator-block-size=16777216"
    "memorysetup-cache-allocator-block-size=4194304"
    "memorysetup-typetree-allocator-block-size=2097152"
    "memorysetup-profiler-bucket-allocator-granularity=16"
    "memorysetup-profiler-bucket-allocator-bucket-count=8"
    "memorysetup-profiler-bucket-allocator-block-size=33554432"
    "memorysetup-profiler-bucket-allocator-block-count=8"
    "memorysetup-profiler-allocator-block-size=16777216"
    "memorysetup-profiler-editor-allocator-block-size=1048576"
    "memorysetup-temp-allocator-size-main=16777216"
    "memorysetup-job-temp-allocator-block-size=2097152"
    "memorysetup-job-temp-allocator-block-size-background=1048576"
    "memorysetup-job-temp-allocator-reduction-small-platforms=262144"
    "memorysetup-temp-allocator-size-background-worker=32768"
    "memorysetup-temp-allocator-size-job-worker=262144"
    "memorysetup-temp-allocator-size-preload-manager=33554432"
    "memorysetup-temp-allocator-size-nav-mesh-worker=65536"
    "memorysetup-temp-allocator-size-audio-worker=65536"
    "memorysetup-temp-allocator-size-cloud-worker=32768"
    "memorysetup-temp-allocator-size-gi-baking-worker=262144"
    "memorysetup-temp-allocator-size-gfx=262144"
Player connection [6804] Host "[IP] 10.10.12.41 [Port] 0 [Flags] 2 [Guid] 3225441062 [EditorId] 3225441062 [Version] 1048832 [Id] WindowsEditor(7,LAPTOP-0VMEMM40) [Debug] 1 [PackageName] WindowsEditor [ProjectName] Editor" joined multi-casting on [225.0.0.222:54997]...

Player connection [6804] Host "[IP] 10.10.12.41 [Port] 0 [Flags] 2 [Guid] 3225441062 [EditorId] 3225441062 [Version] 1048832 [Id] WindowsEditor(7,LAPTOP-0VMEMM40) [Debug] 1 [PackageName] WindowsEditor [ProjectName] Editor" joined alternative multi-casting on [225.0.0.222:34997]...

Refreshing native plugins compatible for Editor in 123.00 ms, found 3 plugins.
Preloading 0 native plugins for Editor in 0.00 ms.
Initialize engine version: 2021.3.19f1 (c9714fde33b6)
[Subsystems] Discovering subsystems at path C:/Program Files/Unity/Hub/Editor/2021.3.19f1/Editor/Data/Resources/UnitySubsystems
[Subsystems] Discovering subsystems at path D:/AR/Third_person_controller_fbx/Assets
GfxDevice: creating device client; threaded=0; jobified=0
Direct3D:
    Version:  Direct3D 11.0 [level 11.1]
    Renderer: NVIDIA GeForce MX450 (ID=0x1f97)
    Vendor:   NVIDIA
    VRAM:     1928 MB
    Driver:   30.0.15.1278
Initialize mono
Mono path[0] = 'C:/Program Files/Unity/Hub/Editor/2021.3.19f1/Editor/Data/Managed'
Mono path[1] = 'C:/Program Files/Unity/Hub/Editor/2021.3.19f1/Editor/Data/MonoBleedingEdge/lib/mono/unityjit-win32'
Mono config path = 'C:/Program Files/Unity/Hub/Editor/2021.3.19f1/Editor/Data/MonoBleedingEdge/etc'
Using monoOptions --debugger-agent=transport=dt_socket,embedding=1,server=y,suspend=n,address=127.0.0.1:56880
Begin MonoManager ReloadAssembly
Registering precompiled unity dll's ...
Register platform support module: C:/Program Files/Unity/Hub/Editor/2021.3.19f1/Editor/Data/PlaybackEngines/WindowsStandaloneSupport/UnityEditor.WindowsStandalone.Extensions.dll
Registered in 0.003944 seconds.
Native extension for WindowsStandalone target not found
Refreshing native plugins compatible for Editor in 141.66 ms, found 3 plugins.
Preloading 0 native plugins for Editor in 0.00 ms.
Mono: successfully reloaded assembly
- Completed reload, in  0.890 seconds
Domain Reload Profiling:
	ReloadAssembly (891ms)
		BeginReloadAssembly (88ms)
			ExecutionOrderSort (0ms)
			DisableScriptedObjects (0ms)
			BackupInstance (0ms)
			ReleaseScriptingObjects (0ms)
			CreateAndSetChildDomain (1ms)
		EndReloadAssembly (654ms)
			LoadAssemblies (86ms)
			RebuildTransferFunctionScriptingTraits (0ms)
			SetupTypeCache (165ms)
			ReleaseScriptCaches (0ms)
			RebuildScriptCaches (40ms)
			SetupLoadedEditorAssemblies (384ms)
				LogAssemblyErrors (0ms)
				InitializePlatformSupportModulesInManaged (9ms)
				SetLoadedEditorAssemblies (0ms)
				RefreshPlugins (142ms)
				BeforeProcessingInitializeOnLoad (1ms)
				ProcessInitializeOnLoadAttributes (171ms)
				ProcessInitializeOnLoadMethodAttributes (60ms)
				AfterProcessingInitializeOnLoad (0ms)
				EditorAssembliesLoaded (0ms)
			ExecutionOrderSort2 (0ms)
			AwakeInstancesAfterBackupRestoration (0ms)
Platform modules already initialized, skipping
Registering precompiled user dll's ...
Registered in 0.006109 seconds.
Begin MonoManager ReloadAssembly
Symbol file LoadedFromMemory doesn't match image D:\AR\Third_person_controller_fbx\Library\PackageCache\com.unity.visualscripting@1.8.0\Editor\VisualScripting.Core\Dependencies\YamlDotNet\Unity.VisualScripting.YamlDotNet.dll
Symbol file LoadedFromMemory doesn't match image D:\AR\Third_person_controller_fbx\Library\PackageCache\com.unity.visualscripting@1.8.0\Editor\VisualScripting.Core\Dependencies\DotNetZip\Unity.VisualScripting.IonicZip.dll
Native extension for WindowsStandalone target not found
Refreshing native plugins compatible for Editor in 134.77 ms, found 3 plugins.
Preloading 0 native plugins for Editor in 0.00 ms.
Mono: successfully reloaded assembly
- Completed reload, in  1.546 seconds
Domain Reload Profiling:
	ReloadAssembly (1547ms)
		BeginReloadAssembly (136ms)
			ExecutionOrderSort (0ms)
			DisableScriptedObjects (9ms)
			BackupInstance (0ms)
			ReleaseScriptingObjects (0ms)
			CreateAndSetChildDomain (26ms)
		EndReloadAssembly (1262ms)
			LoadAssemblies (97ms)
			RebuildTransferFunctionScriptingTraits (0ms)
			SetupTypeCache (363ms)
			ReleaseScriptCaches (1ms)
			RebuildScriptCaches (83ms)
			SetupLoadedEditorAssemblies (659ms)
				LogAssemblyErrors (0ms)
				InitializePlatformSupportModulesInManaged (4ms)
				SetLoadedEditorAssemblies (0ms)
				RefreshPlugins (135ms)
				BeforeProcessingInitializeOnLoad (127ms)
				ProcessInitializeOnLoadAttributes (281ms)
				ProcessInitializeOnLoadMethodAttributes (103ms)
				AfterProcessingInitializeOnLoad (9ms)
				EditorAssembliesLoaded (0ms)
			ExecutionOrderSort2 (0ms)
			AwakeInstancesAfterBackupRestoration (8ms)
Platform modules already initialized, skipping
========================================================================
Worker process is ready to serve import requests
Launched and connected shader compiler UnityShaderCompiler.exe after 0.06 seconds
Refreshing native plugins compatible for Editor in 1.82 ms, found 3 plugins.
Preloading 0 native plugins for Editor in 0.00 ms.
Unloading 4706 Unused Serialized files (Serialized files now loaded: 0)
Unloading 41 unused Assets / (1.1 MB). Loaded Objects now: 5150.
Memory consumption went from 188.8 MB to 187.7 MB.
Total: 10.074900 ms (FindLiveObjects: 0.525400 ms CreateObjectMapping: 0.368000 ms MarkObjects: 7.623300 ms  DeleteObjects: 1.556000 ms)

AssetImportParameters requested are different than current active one (requested -> active):
  custom:video-decoder-ogg-theora: a1e56fd34408186e4bbccfd4996cb3dc -> 
  custom:container-muxer-webm: aa71ff27fc2769a1b78a27578f13a17b -> 
  custom:container-demuxer-webm: 4f35f7cbe854078d1ac9338744f61a02 -> 
  custom:video-encoder-webm-vp8: eb34c28f22e8b96e1ab97ce403110664 -> 
  custom:video-codec-MediaFoundation-h265: 746d11721c4dcdbdad8f713fa42b33f4 -> 
  custom:audio-encoder-webm-vorbis: bf7c407c2cedff20999df2af8eb42d56 -> 
  custom:framework-win-MediaFoundation: 216162199b28c13a410421893ffa2e32 -> 
  custom:container-demuxer-ogg: 62fdf1f143b41e24485cea50d1cbac27 -> 
  custom:video-decoder-webm-vp8: 9c59270c3fd7afecdb556c50c9e8de78 -> 
  custom:audio-decoder-ogg-vorbis: bf7c407c2cedff20999df2af8eb42d56 -> 
========================================================================
Received Import Request.
  Time since last request: 231301.898330 seconds.
  path: Assets/Readme.asset
  artifactKey: Guid(8105016687592461f977c054a80ce2f2) Importer(815301076,1909f56bfc062723c751e8b465ee728b)
Start importing Assets/Readme.asset using Guid(8105016687592461f977c054a80ce2f2) Importer(815301076,1909f56bfc062723c751e8b465ee728b)  -> (artifact id: '0f2f2b655bf21bdea72856b1c39a4a32') in 0.074467 seconds 
========================================================================
Received Import Request.
  Time since last request: 313.047489 seconds.
  path: Assets/animations'
  artifactKey: Guid(88feb0b5c67118f40b53baf6edb090ef) Importer(815301076,1909f56bfc062723c751e8b465ee728b)
Start importing Assets/animations' using Guid(88feb0b5c67118f40b53baf6edb090ef) Importer(815301076,1909f56bfc062723c751e8b465ee728b)  -> (artifact id: '329d976b6b1540f7c32b03b143371cd3') in 0.009084 seconds 
========================================================================
Received Import Request.
  Time since last request: 0.072330 seconds.
  path: Assets/animations'/ironman_freefall.fbx
  artifactKey: Guid(e21d10ec4b428c34ab9e1a744b5a147f) Importer(815301076,1909f56bfc062723c751e8b465ee728b)
Start importing Assets/animations'/ironman_freefall.fbx using Guid(e21d10ec4b428c34ab9e1a744b5a147f) Importer(815301076,1909f56bfc062723c751e8b465ee728b)  -> (artifact id: 'c6e05b772ed3728ab517d9196be43b5d') in 2.615753 seconds 
========================================================================
Received Import Request.
  Time since last request: 0.000046 seconds.
  path: Assets/animations'/ironman_run.fbx
  artifactKey: Guid(898afd9aba32e5f4a94bf0d0916e96c0) Importer(815301076,1909f56bfc062723c751e8b465ee728b)
Start importing Assets/animations'/ironman_run.fbx using Guid(898afd9aba32e5f4a94bf0d0916e96c0) Importer(815301076,1909f56bfc062723c751e8b465ee728b)  -> (artifact id: '391a4abfe9ccd3fa833efa6bb9408dc0') in 0.539351 seconds 
========================================================================
Received Import Request.
  Time since last request: 0.000047 seconds.
  path: Assets/animations'/ironman_jump.fbx
  artifactKey: Guid(269a4a72b0c0f8d42ab0a98e4d95ffef) Importer(815301076,1909f56bfc062723c751e8b465ee728b)
Start importing Assets/animations'/ironman_jump.fbx using Guid(269a4a72b0c0f8d42ab0a98e4d95ffef) Importer(815301076,1909f56bfc062723c751e8b465ee728b)  -> (artifact id: '37890efe18734007c71a4c20605ce3fb') in 0.451934 seconds 
========================================================================
Received Import Request.
  Time since last request: 51.842144 seconds.
  path: Assets/animations'/ironman_freefall.fbx
  artifactKey: Guid(e21d10ec4b428c34ab9e1a744b5a147f) Importer(815301076,1909f56bfc062723c751e8b465ee728b)
Start importing Assets/animations'/ironman_freefall.fbx using Guid(e21d10ec4b428c34ab9e1a744b5a147f) Importer(815301076,1909f56bfc062723c751e8b465ee728b)  -> (artifact id: '52cd89a96abe63424c29b2f39574ce6c') in 0.779959 seconds 
========================================================================
Received Import Request.
  Time since last request: 36.293435 seconds.
  path: Assets/animations'/ironman_freefall.fbx
  artifactKey: Guid(e21d10ec4b428c34ab9e1a744b5a147f) Importer(815301076,1909f56bfc062723c751e8b465ee728b)
Start importing Assets/animations'/ironman_freefall.fbx using Guid(e21d10ec4b428c34ab9e1a744b5a147f) Importer(815301076,1909f56bfc062723c751e8b465ee728b)  -> (artifact id: '9629ea7e0661ebd17e839066cc6e76a8') in 0.570346 seconds 
========================================================================
Received Import Request.
  Time since last request: 48.583562 seconds.
  path: Assets/animations'/ironman_idle.fbx
  artifactKey: Guid(f34bface3370d124899db3d17732997c) Importer(815301076,1909f56bfc062723c751e8b465ee728b)
Start importing Assets/animations'/ironman_idle.fbx using Guid(f34bface3370d124899db3d17732997c) Importer(815301076,1909f56bfc062723c751e8b465ee728b)  -> (artifact id: 'bd0ee852758c0e5cbf3f69cce023c306') in 0.540594 seconds 
========================================================================
Received Import Request.
  Time since last request: 5.713706 seconds.
  path: Assets/animations'/ironman_jump.fbx
  artifactKey: Guid(269a4a72b0c0f8d42ab0a98e4d95ffef) Importer(815301076,1909f56bfc062723c751e8b465ee728b)
Start importing Assets/animations'/ironman_jump.fbx using Guid(269a4a72b0c0f8d42ab0a98e4d95ffef) Importer(815301076,1909f56bfc062723c751e8b465ee728b)  -> (artifact id: 'cbfdb6f798d7879e161af6d939a8d12c') in 0.670171 seconds 
========================================================================
Received Import Request.
  Time since last request: 4.696710 seconds.
  path: Assets/animations'/ironman_run.fbx
  artifactKey: Guid(898afd9aba32e5f4a94bf0d0916e96c0) Importer(815301076,1909f56bfc062723c751e8b465ee728b)
Start importing Assets/animations'/ironman_run.fbx using Guid(898afd9aba32e5f4a94bf0d0916e96c0) Importer(815301076,1909f56bfc062723c751e8b465ee728b)  -> (artifact id: 'e7ce29d28af7fc0aefbabb83085f6d42') in 0.630987 seconds 
========================================================================
Received Import Request.
  Time since last request: 10.859174 seconds.
  path: Assets/animations'/ironman_walk.fbx
  artifactKey: Guid(0400900d3e4dc4d46922b21fdc6e7864) Importer(815301076,1909f56bfc062723c751e8b465ee728b)
Start importing Assets/animations'/ironman_walk.fbx using Guid(0400900d3e4dc4d46922b21fdc6e7864) Importer(815301076,1909f56bfc062723c751e8b465ee728b)  -> (artifact id: '0a7d53c9367acec6f2cf1b0be79b1f15') in 0.707569 seconds 
========================================================================
Received Import Request.
  Time since last request: 165.148624 seconds.
  path: Assets/animations'/ironman_freefall.fbx
  artifactKey: Guid(e21d10ec4b428c34ab9e1a744b5a147f) Importer(815301076,1909f56bfc062723c751e8b465ee728b)
Start importing Assets/animations'/ironman_freefall.fbx using Guid(e21d10ec4b428c34ab9e1a744b5a147f) Importer(815301076,1909f56bfc062723c751e8b465ee728b)  -> (artifact id: 'ed10b32d7cba569bdb8d430076b82f4d') in 0.644311 seconds 
========================================================================
Received Import Request.
  Time since last request: 15.119371 seconds.
  path: Assets/animations'/ironman_idle.fbx
  artifactKey: Guid(f34bface3370d124899db3d17732997c) Importer(815301076,1909f56bfc062723c751e8b465ee728b)
Start importing Assets/animations'/ironman_idle.fbx using Guid(f34bface3370d124899db3d17732997c) Importer(815301076,1909f56bfc062723c751e8b465ee728b)  -> (artifact id: 'c508094f7681f0f608c3c1bbdff50e8d') in 0.539615 seconds 
========================================================================
Received Prepare
Registering precompiled user dll's ...
Registered in 0.004232 seconds.
Begin MonoManager ReloadAssembly
Symbol file LoadedFromMemory doesn't match image D:\AR\Third_person_controller_fbx\Library\PackageCache\com.unity.visualscripting@1.8.0\Editor\VisualScripting.Core\Dependencies\YamlDotNet\Unity.VisualScripting.YamlDotNet.dll
Symbol file LoadedFromMemory doesn't match image D:\AR\Third_person_controller_fbx\Library\PackageCache\com.unity.visualscripting@1.8.0\Editor\VisualScripting.Core\Dependencies\DotNetZip\Unity.VisualScripting.IonicZip.dll
Native extension for WindowsStandalone target not found
Refreshing native plugins compatible for Editor in 0.70 ms, found 3 plugins.
Preloading 0 native plugins for Editor in 0.00 ms.
Mono: successfully reloaded assembly
- Completed reload, in  1.021 seconds
Domain Reload Profiling:
	ReloadAssembly (1022ms)
		BeginReloadAssembly (131ms)
			ExecutionOrderSort (0ms)
			DisableScriptedObjects (7ms)
			BackupInstance (0ms)
			ReleaseScriptingObjects (0ms)
			CreateAndSetChildDomain (47ms)
		EndReloadAssembly (797ms)
			LoadAssemblies (68ms)
			RebuildTransferFunctionScriptingTraits (0ms)
			SetupTypeCache (250ms)
			ReleaseScriptCaches (2ms)
			RebuildScriptCaches (40ms)
			SetupLoadedEditorAssemblies (356ms)
				LogAssemblyErrors (0ms)
				InitializePlatformSupportModulesInManaged (10ms)
				SetLoadedEditorAssemblies (0ms)
				RefreshPlugins (1ms)
				BeforeProcessingInitializeOnLoad (68ms)
				ProcessInitializeOnLoadAttributes (181ms)
				ProcessInitializeOnLoadMethodAttributes (89ms)
				AfterProcessingInitializeOnLoad (7ms)
				EditorAssembliesLoaded (0ms)
			ExecutionOrderSort2 (0ms)
			AwakeInstancesAfterBackupRestoration (28ms)
Platform modules already initialized, skipping
Refreshing native plugins compatible for Editor in 1.64 ms, found 3 plugins.
Preloading 0 native plugins for Editor in 0.00 ms.
Unloading 4599 Unused Serialized files (Serialized files now loaded: 0)
Unloading 34 unused Assets / (1.1 MB). Loaded Objects now: 5253.
Memory consumption went from 195.1 MB to 194.1 MB.
Total: 3.213400 ms (FindLiveObjects: 0.317200 ms CreateObjectMapping: 0.181900 ms MarkObjects: 2.297300 ms  DeleteObjects: 0.415900 ms)

AssetImportParameters requested are different than current active one (requested -> active):
  custom:video-decoder-ogg-theora: a1e56fd34408186e4bbccfd4996cb3dc -> 
  custom:container-muxer-webm: aa71ff27fc2769a1b78a27578f13a17b -> 
  custom:container-demuxer-webm: 4f35f7cbe854078d1ac9338744f61a02 -> 
  custom:video-encoder-webm-vp8: eb34c28f22e8b96e1ab97ce403110664 -> 
  custom:video-codec-MediaFoundation-h265: 746d11721c4dcdbdad8f713fa42b33f4 -> 
  custom:audio-encoder-webm-vorbis: bf7c407c2cedff20999df2af8eb42d56 -> 
  custom:framework-win-MediaFoundation: 216162199b28c13a410421893ffa2e32 -> 
  custom:container-demuxer-ogg: 62fdf1f143b41e24485cea50d1cbac27 -> 
  custom:video-decoder-webm-vp8: 9c59270c3fd7afecdb556c50c9e8de78 -> 
  custom:audio-decoder-ogg-vorbis: bf7c407c2cedff20999df2af8eb42d56 -> 
========================================================================
Received Import Request.
  Time since last request: 426.254972 seconds.
  path: Assets
  artifactKey: Guid(00000000000000001000000000000000) Importer(815301076,1909f56bfc062723c751e8b465ee728b)
Start importing Assets using Guid(00000000000000001000000000000000) Importer(815301076,1909f56bfc062723c751e8b465ee728b)  -> (artifact id: '79842766b460edbeab6a34051e857a80') in 0.022211 seconds 
========================================================================
Received Import Request.
  Time since last request: 57.687939 seconds.
  path: Assets/New Shader Graph.shadergraph
  artifactKey: Guid(c8de18558350fbf41b914529a14f4852) Importer(815301076,1909f56bfc062723c751e8b465ee728b)
Start importing Assets/New Shader Graph.shadergraph using Guid(c8de18558350fbf41b914529a14f4852) Importer(815301076,1909f56bfc062723c751e8b465ee728b)  -> (artifact id: '47f2141b32ddf26335a63e156ba39e89') in 0.018200 seconds 
========================================================================
Received Import Request.
  Time since last request: 158.712146 seconds.
  path: Assets/MODEL_MATERIAL.shadergraph
  artifactKey: Guid(c8de18558350fbf41b914529a14f4852) Importer(815301076,1909f56bfc062723c751e8b465ee728b)
Start importing Assets/MODEL_MATERIAL.shadergraph using Guid(c8de18558350fbf41b914529a14f4852) Importer(815301076,1909f56bfc062723c751e8b465ee728b)  -> (artifact id: '5c0a9e40490f379e2ef1b9b18f649a9b') in 0.008068 seconds 
========================================================================
Received Import Request.
  Time since last request: 222.251702 seconds.
  path: Assets/Shader Graphs_MODEL_MATERIAL.mat
  artifactKey: Guid(cb7e049826700c44691ca08c31dd27c0) Importer(815301076,1909f56bfc062723c751e8b465ee728b)
Start importing Assets/Shader Graphs_MODEL_MATERIAL.mat using Guid(cb7e049826700c44691ca08c31dd27c0) Importer(815301076,1909f56bfc062723c751e8b465ee728b)  -> (artifact id: 'd47258daa75345e450d351cb3cb6ed8b') in 1.659942 seconds 
========================================================================
Received Import Request.
  Time since last request: 302.354474 seconds.
  path: Assets/model.mat
  artifactKey: Guid(25c9dd6825809bc48ab8bf52f903b2ae) Importer(815301076,1909f56bfc062723c751e8b465ee728b)
Start importing Assets/model.mat using Guid(25c9dd6825809bc48ab8bf52f903b2ae) Importer(815301076,1909f56bfc062723c751e8b465ee728b)  -> (artifact id: 'c30a8f325f2dfaad090d2d9a23cc811e') in 0.027176 seconds 
========================================================================
Received Import Request.
  Time since last request: 151.317504 seconds.
  path: Assets/TutorialInfo
  artifactKey: Guid(ba062aa6c92b140379dbc06b43dd3b9b) Importer(815301076,1909f56bfc062723c751e8b465ee728b)
Start importing Assets/TutorialInfo using Guid(ba062aa6c92b140379dbc06b43dd3b9b) Importer(815301076,1909f56bfc062723c751e8b465ee728b)  -> (artifact id: '94fb6c6bacde1da6d0b7d43ec8d6e3b7') in 0.007434 seconds 
========================================================================
Received Import Request.
  Time since last request: 280.161320 seconds.
  path: Assets/New Shader Graph.shadergraph
  artifactKey: Guid(979f9dd8f37bf814692463e6d3a0ada9) Importer(815301076,1909f56bfc062723c751e8b465ee728b)
Start importing Assets/New Shader Graph.shadergraph using Guid(979f9dd8f37bf814692463e6d3a0ada9) Importer(815301076,1909f56bfc062723c751e8b465ee728b)  -> (artifact id: '3bcc6df43fe0d809af35a11683a6c15a') in 0.005513 seconds 
========================================================================
Received Import Request.
  Time since last request: 21.749341 seconds.
  path: Assets/Shader Graphs_New Shader Graph.mat
  artifactKey: Guid(a21e4b95ad4a2ac479fa9caf7f2c0bb8) Importer(815301076,1909f56bfc062723c751e8b465ee728b)
Start importing Assets/Shader Graphs_New Shader Graph.mat using Guid(a21e4b95ad4a2ac479fa9caf7f2c0bb8) Importer(815301076,1909f56bfc062723c751e8b465ee728b)  -> (artifact id: 'ea39ac8aa860941c76f1d6455034dff0') in 0.990470 seconds 
========================================================================
Received Import Request.
  Time since last request: 18.278013 seconds.
  path: Assets/Shader Graphs_New Shader Graph.mat
  artifactKey: Guid(a21e4b95ad4a2ac479fa9caf7f2c0bb8) Importer(815301076,1909f56bfc062723c751e8b465ee728b)
Start importing Assets/Shader Graphs_New Shader Graph.mat using Guid(a21e4b95ad4a2ac479fa9caf7f2c0bb8) Importer(815301076,1909f56bfc062723c751e8b465ee728b)  -> (artifact id: '845b81335a6ade3d6e0d270de86988a6') in 1.566800 seconds 
========================================================================
Received Prepare
Registering precompiled user dll's ...
Registered in 0.005108 seconds.
Begin MonoManager ReloadAssembly
Symbol file LoadedFromMemory doesn't match image D:\AR\Third_person_controller_fbx\Library\PackageCache\com.unity.visualscripting@1.8.0\Editor\VisualScripting.Core\Dependencies\YamlDotNet\Unity.VisualScripting.YamlDotNet.dll
Symbol file LoadedFromMemory doesn't match image D:\AR\Third_person_controller_fbx\Library\PackageCache\com.unity.visualscripting@1.8.0\Editor\VisualScripting.Core\Dependencies\DotNetZip\Unity.VisualScripting.IonicZip.dll
Native extension for WindowsStandalone target not found
Refreshing native plugins compatible for Editor in 1.04 ms, found 3 plugins.
Preloading 0 native plugins for Editor in 0.00 ms.
Mono: successfully reloaded assembly
- Completed reload, in  1.144 seconds
Domain Reload Profiling:
	ReloadAssembly (1144ms)
		BeginReloadAssembly (132ms)
			ExecutionOrderSort (0ms)
			DisableScriptedObjects (7ms)
			BackupInstance (0ms)
			ReleaseScriptingObjects (0ms)
			CreateAndSetChildDomain (45ms)
		EndReloadAssembly (890ms)
			LoadAssemblies (75ms)
			RebuildTransferFunctionScriptingTraits (0ms)
			SetupTypeCache (289ms)
			ReleaseScriptCaches (3ms)
			RebuildScriptCaches (51ms)
			SetupLoadedEditorAssemblies (386ms)
				LogAssemblyErrors (0ms)
				InitializePlatformSupportModulesInManaged (12ms)
				SetLoadedEditorAssemblies (1ms)
				RefreshPlugins (1ms)
				BeforeProcessingInitializeOnLoad (78ms)
				ProcessInitializeOnLoadAttributes (215ms)
				ProcessInitializeOnLoadMethodAttributes (75ms)
				AfterProcessingInitializeOnLoad (5ms)
				EditorAssembliesLoaded (0ms)
			ExecutionOrderSort2 (0ms)
			AwakeInstancesAfterBackupRestoration (20ms)
Platform modules already initialized, skipping
Refreshing native plugins compatible for Editor in 1.95 ms, found 3 plugins.
Preloading 0 native plugins for Editor in 0.00 ms.
Unloading 4760 Unused Serialized files (Serialized files now loaded: 0)
Unloading 35 unused Assets / (1.2 MB). Loaded Objects now: 5468.
Memory consumption went from 201.5 MB to 200.4 MB.
Total: 4.059500 ms (FindLiveObjects: 0.352100 ms CreateObjectMapping: 0.172000 ms MarkObjects: 3.041200 ms  DeleteObjects: 0.492700 ms)

AssetImportParameters requested are different than current active one (requested -> active):
  custom:video-decoder-ogg-theora: a1e56fd34408186e4bbccfd4996cb3dc -> 
  custom:container-muxer-webm: aa71ff27fc2769a1b78a27578f13a17b -> 
  custom:container-demuxer-webm: 4f35f7cbe854078d1ac9338744f61a02 -> 
  custom:video-encoder-webm-vp8: eb34c28f22e8b96e1ab97ce403110664 -> 
  custom:video-codec-MediaFoundation-h265: 746d11721c4dcdbdad8f713fa42b33f4 -> 
  custom:audio-encoder-webm-vorbis: bf7c407c2cedff20999df2af8eb42d56 -> 
  custom:framework-win-MediaFoundation: 216162199b28c13a410421893ffa2e32 -> 
  custom:container-demuxer-ogg: 62fdf1f143b41e24485cea50d1cbac27 -> 
  custom:video-decoder-webm-vp8: 9c59270c3fd7afecdb556c50c9e8de78 -> 
  custom:audio-decoder-ogg-vorbis: bf7c407c2cedff20999df2af8eb42d56 -> 
========================================================================
Received Import Request.
  Time since last request: 1131.763538 seconds.
  path: ProjectSettings/TagManager.asset
  artifactKey: Guid(00000000000000003000000000000000) Importer(815301076,1909f56bfc062723c751e8b465ee728b)
Start importing ProjectSettings/TagManager.asset using Guid(00000000000000003000000000000000) Importer(815301076,1909f56bfc062723c751e8b465ee728b)  -> (artifact id: 'c71ef3d37d41a84f7302deacd7bba084') in 0.025946 seconds 
========================================================================
Received Prepare
Registering precompiled user dll's ...
Registered in 0.002761 seconds.
Begin MonoManager ReloadAssembly
Symbol file LoadedFromMemory doesn't match image D:\AR\Third_person_controller_fbx\Library\PackageCache\com.unity.visualscripting@1.8.0\Editor\VisualScripting.Core\Dependencies\YamlDotNet\Unity.VisualScripting.YamlDotNet.dll
Symbol file LoadedFromMemory doesn't match image D:\AR\Third_person_controller_fbx\Library\PackageCache\com.unity.visualscripting@1.8.0\Editor\VisualScripting.Core\Dependencies\DotNetZip\Unity.VisualScripting.IonicZip.dll
Native extension for WindowsStandalone target not found
Refreshing native plugins compatible for Editor in 105.11 ms, found 3 plugins.
Preloading 0 native plugins for Editor in 0.00 ms.
Mono: successfully reloaded assembly
- Completed reload, in  0.866 seconds
Domain Reload Profiling:
	ReloadAssembly (867ms)
		BeginReloadAssembly (130ms)
			ExecutionOrderSort (0ms)
			DisableScriptedObjects (4ms)
			BackupInstance (0ms)
			ReleaseScriptingObjects (0ms)
			CreateAndSetChildDomain (44ms)
		EndReloadAssembly (645ms)
			LoadAssemblies (58ms)
			RebuildTransferFunctionScriptingTraits (0ms)
			SetupTypeCache (160ms)
			ReleaseScriptCaches (3ms)
			RebuildScriptCaches (37ms)
			SetupLoadedEditorAssemblies (320ms)
				LogAssemblyErrors (0ms)
				InitializePlatformSupportModulesInManaged (10ms)
				SetLoadedEditorAssemblies (0ms)
				RefreshPlugins (105ms)
				BeforeProcessingInitializeOnLoad (92ms)
				ProcessInitializeOnLoadAttributes (89ms)
				ProcessInitializeOnLoadMethodAttributes (20ms)
				AfterProcessingInitializeOnLoad (4ms)
				EditorAssembliesLoaded (0ms)
			ExecutionOrderSort2 (0ms)
			AwakeInstancesAfterBackupRestoration (6ms)
Platform modules already initialized, skipping
Refreshing native plugins compatible for Editor in 1.64 ms, found 3 plugins.
Preloading 0 native plugins for Editor in 0.00 ms.
Unloading 5095 Unused Serialized files (Serialized files now loaded: 0)
Unloading 85 unused Assets / (1.2 MB). Loaded Objects now: 5764.
Memory consumption went from 213.4 MB to 212.2 MB.
Total: 3.924200 ms (FindLiveObjects: 0.389600 ms CreateObjectMapping: 0.201900 ms MarkObjects: 2.335400 ms  DeleteObjects: 0.996200 ms)

AssetImportParameters requested are different than current active one (requested -> active):
  custom:video-decoder-ogg-theora: a1e56fd34408186e4bbccfd4996cb3dc -> 
  custom:container-muxer-webm: aa71ff27fc2769a1b78a27578f13a17b -> 
  custom:container-demuxer-webm: 4f35f7cbe854078d1ac9338744f61a02 -> 
  custom:srp/default-shader: 0000e00a000e0de00000e000e0000000 -> 00a0da0d000000000000000000000000
  custom:postprocessor/textureSprite: c7b1773857ade06b12134bb5dea4a409 -> 1909f56bfc062723c751e8b465ee728b
  custom:video-encoder-webm-vp8: eb34c28f22e8b96e1ab97ce403110664 -> 
  custom:video-codec-MediaFoundation-h265: 746d11721c4dcdbdad8f713fa42b33f4 -> 
  custom:audio-encoder-webm-vorbis: bf7c407c2cedff20999df2af8eb42d56 -> 
  custom:framework-win-MediaFoundation: 216162199b28c13a410421893ffa2e32 -> 
  custom:container-demuxer-ogg: 62fdf1f143b41e24485cea50d1cbac27 -> 
  custom:video-decoder-webm-vp8: 9c59270c3fd7afecdb556c50c9e8de78 -> 
  custom:audio-decoder-ogg-vorbis: bf7c407c2cedff20999df2af8eb42d56 -> 
